2025-07-25T07:02:06.498633 - START processing Christmas-come-to-stay-Gmaj-72bpm_wm.mp3
2025-07-25T07:02:18.153259 - FINISHED processing Christmas-come-to-stay-Gmaj-72bpm_wm.mp3 -> Christmas-come-to-stay-Gmaj-72bpm_wm_compressed.mp3
2025-07-25T07:02:18.153419 - START processing Christmas-come-to-stay-Gmaj-72bpm.mp3
2025-07-25T07:02:23.867973 - FINISHED processing Christmas-come-to-stay-Gmaj-72bpm.mp3 -> Christmas-come-to-stay-Gmaj-72bpm_compressed.mp3
2025-07-25T07:19:22.964429 - START processing Christmas-come-to-stay-Gmaj-72bpm_wm.mp3
2025-07-25T07:19:34.471132 - FINISHED processing Christmas-come-to-stay-Gmaj-72bpm_wm.mp3 -> Christmas-come-to-stay-Gmaj-72bpm_wm_compressed.mp3
2025-07-25T07:19:34.471432 - START processing Christmas-come-to-stay-Gmaj-72bpm.mp3
2025-07-25T07:19:40.222874 - FINISHED processing Christmas-come-to-stay-Gmaj-72bpm.mp3 -> Christmas-come-to-stay-Gmaj-72bpm_compressed.mp3
2025-07-25T07:22:26.229198 - START processing Christmas-come-to-stay-Gmaj-72bpm_wm.mp3
2025-07-25T07:22:41.957837 - FINISHED processing Christmas-come-to-stay-Gmaj-72bpm_wm.mp3 -> Christmas-come-to-stay-Gmaj-72bpm_wm_compressed.mp3
2025-07-25T07:22:41.958137 - START processing Christmas-come-to-stay-Gmaj-72bpm.mp3
2025-07-25T07:22:48.000646 - FINISHED processing Christmas-come-to-stay-Gmaj-72bpm.mp3 -> Christmas-come-to-stay-Gmaj-72bpm_compressed.mp3
2025-07-25T07:28:46.655404 - START processing Christmas-come-to-stay-Gmaj-72bpm_wm.mp3
2025-07-25T07:28:58.432003 - FINISHED processing Christmas-come-to-stay-Gmaj-72bpm_wm.mp3 -> Christmas-come-to-stay-Gmaj-72bpm_wm_compressed.mp3
2025-07-25T07:28:58.432200 - START processing Christmas-come-to-stay-Gmaj-72bpm.mp3
2025-07-25T07:29:04.464006 - FINISHED processing Christmas-come-to-stay-Gmaj-72bpm.mp3 -> Christmas-come-to-stay-Gmaj-72bpm_compressed.mp3
2025-07-25T07:32:06.399564 - START processing mp3.mp3
2025-07-25T07:32:10.926514 - FINISHED processing mp3.mp3 -> mp3_compressed.mp3
2025-07-25T07:32:10.926807 - START processing Christmas-come-to-stay-Gmaj-72bpm_wm.mp3
2025-07-25T07:32:22.149945 - FINISHED processing Christmas-come-to-stay-Gmaj-72bpm_wm.mp3 -> Christmas-come-to-stay-Gmaj-72bpm_wm_compressed.mp3
2025-07-25T07:32:22.150136 - START processing Christmas-come-to-stay-Gmaj-72bpm.mp3
2025-07-25T07:32:28.235952 - FINISHED processing Christmas-come-to-stay-Gmaj-72bpm.mp3 -> Christmas-come-to-stay-Gmaj-72bpm_compressed.mp3
2025-07-25T21:21:19.329711 - START processing mp3.mp3
2025-07-25T21:21:24.020005 - FINISHED processing mp3.mp3 -> mp3_compressed.mp3
2025-07-25T21:21:24.020497 - START processing Christmas-come-to-stay-Gmaj-72bpm_wm.mp3
2025-07-25T21:22:05.825785 - START processing mp3.mp3
2025-07-25T21:22:24.442107 - FINISHED processing mp3.mp3 -> mp3_compressed.mp3
2025-07-25T21:22:24.442477 - START processing Christmas-come-to-stay-Gmaj-72bpm_wm.mp3
2025-07-25T21:22:38.971190 - FINISHED processing Christmas-come-to-stay-Gmaj-72bpm_wm.mp3 -> Christmas-come-to-stay-Gmaj-72bpm_wm_compressed.mp3
2025-07-25T21:22:38.971996 - START processing Christmas-come-to-stay-Gmaj-72bpm.mp3
2025-07-25T21:22:44.982987 - FINISHED processing Christmas-come-to-stay-Gmaj-72bpm.mp3 -> Christmas-come-to-stay-Gmaj-72bpm_compressed.mp3
2025-07-25T21:38:15.676006 - START processing mp3.mp3
2025-07-25T21:39:04.759794 - FINISHED processing mp3.mp3 -> mp3_compressed.mp3
2025-07-25T21:39:04.760292 - START processing Christmas-come-to-stay-Gmaj-72bpm_wm.mp3
2025-07-25T21:40:12.696062 - FINISHED processing Christmas-come-to-stay-Gmaj-72bpm_wm.mp3 -> Christmas-come-to-stay-Gmaj-72bpm_wm_compressed.mp3
2025-07-25T21:40:12.696284 - START processing Christmas-come-to-stay-Gmaj-72bpm.mp3
2025-07-25T21:40:17.040151 - FINISHED processing Christmas-come-to-stay-Gmaj-72bpm.mp3 -> Christmas-come-to-stay-Gmaj-72bpm_compressed.mp3
2025-07-25T21:41:56.100527 - START processing mp3.mp3
2025-07-25T21:42:09.010486 - FINISHED processing mp3.mp3 -> mp3_compressed.mp3
2025-07-25T21:42:09.010894 - START processing Christmas-come-to-stay-Gmaj-72bpm_wm.mp3
2025-07-25T21:42:13.062614 - FINISHED processing Christmas-come-to-stay-Gmaj-72bpm_wm.mp3 -> Christmas-come-to-stay-Gmaj-72bpm_wm_compressed.mp3
2025-07-25T21:42:13.062885 - START processing Christmas-come-to-stay-Gmaj-72bpm.mp3
2025-07-25T21:42:17.388701 - FINISHED processing Christmas-come-to-stay-Gmaj-72bpm.mp3 -> Christmas-come-to-stay-Gmaj-72bpm_compressed.mp3
2025-07-25T21:45:39.268717 - START processing mp3.mp3
2025-07-25T21:45:52.372092 - FINISHED processing mp3.mp3
2025-07-25T21:45:52.372756 - START processing Christmas-come-to-stay-Gmaj-72bpm_wm.mp3
2025-07-25T21:46:00.437640 - FINISHED processing Christmas-come-to-stay-Gmaj-72bpm_wm.mp3
2025-07-25T21:46:00.438224 - START processing Christmas-come-to-stay-Gmaj-72bpm.mp3
2025-07-25T21:46:04.724343 - FINISHED processing Christmas-come-to-stay-Gmaj-72bpm.mp3
2025-07-26T07:46:00.701984 - START processing Christmas-come-to-stay-Gmaj-72bpm.mp3
2025-07-26T07:49:11.396010 - FINISHED processing Christmas-come-to-stay-Gmaj-72bpm.mp3
2025-07-27T09:32:59.595759 - START processing Christmas-come-to-stay-Gmaj-72bpm.mp3
2025-07-27T09:33:18.727075 - FINISHED processing Christmas-come-to-stay-Gmaj-72bpm.mp3
2025-07-27T09:33:37.523208 - START processing Christmas-come-to-stay-Gmaj-72bpm.mp3
2025-07-27T09:33:51.359967 - FINISHED processing Christmas-come-to-stay-Gmaj-72bpm.mp3
2025-07-27T09:40:16.968619 - START processing Christmas-come-to-stay-Gmaj-72bpm.mp3
2025-07-27T09:40:27.155628 - FINISHED processing Christmas-come-to-stay-Gmaj-72bpm.mp3
